<?xml version="1.0" encoding="UTF-8"?>
<testsuite xmlns:xsi="http://www.w3.org/2001/XMLSchema-instance" xsi:noNamespaceSchemaLocation="https://maven.apache.org/surefire/maven-surefire-plugin/xsd/surefire-test-report.xsd" name="TestSuite" time="108.911" tests="5" errors="0" skipped="0" failures="1">
  <properties>
[...]
</properties>
  <testcase name="validateNavigationBarIsDisplayed" classname="Daraz.LandingPageTest" time="0.529"/>
  <testcase name="validateSearchBarIsDisplayed" classname="Daraz.LandingPageTest" time="0.717"/>
  <testcase name="validateLogin" classname="Daraz.LoginPageTest" time="14.169"/>
  <testcase name="validateDelteCartItems" classname="Daraz.DeleteCartItemsTest" time="18.167">
    <failure message="stale element reference: element is not attached to the page document&#10;  (Session info: chrome=79.0.3945.130)&#10;  (Driver info: chromedriver=2.35.528161 (5b82f2d2aae0ca24b877009200ced9065a772e73),platform=Windows NT 10.0.18362 x86_64) (WARNING: The server did not provide any stacktrace information)&#10;Command duration or timeout: 4.61 seconds&#10;For documentation on this error, please visit: http://seleniumhq.org/exceptions/stale_element_reference.html&#10;Build info: version: &apos;3.4.0&apos;, revision: &apos;unknown&apos;, time: &apos;unknown&apos;&#10;System info: host: &apos;DESKTOP-4FPH6EQ&apos;, ip: &apos;192.168.0.111&apos;, os.name: &apos;Windows 10&apos;, os.arch: &apos;amd64&apos;, os.version: &apos;10.0&apos;, java.version: &apos;13.0.2&apos;&#10;Driver info: org.openqa.selenium.chrome.ChromeDriver&#10;Capabilities [{applicationCacheEnabled=false, rotatable=false, mobileEmulationEnabled=false, networkConnectionEnabled=false, chrome={chromedriverVersion=2.35.528161 (5b82f2d2aae0ca24b877009200ced9065a772e73), userDataDir=C:\Users\Mrigesh\AppData\Local\Temp\scoped_dir17376_91}, takesHeapSnapshot=true, pageLoadStrategy=normal, databaseEnabled=false, handlesAlerts=true, hasTouchScreen=false, version=79.0.3945.130, platform=XP, browserConnectionEnabled=false, nativeEvents=true, acceptSslCerts=false, acceptInsecureCerts=false, locationContextEnabled=true, webStorageEnabled=true, browserName=chrome, takesScreenshot=true, javascriptEnabled=true, cssSelectorsEnabled=true, setWindowRect=true, unexpectedAlertBehaviour=}]&#10;Session ID: 5fb2363fa7b5ee273d9ed26aaaf62ddf" type="org.openqa.selenium.StaleElementReferenceException">org.openqa.selenium.StaleElementReferenceException: 
stale element reference: element is not attached to the page document
  (Session info: chrome=79.0.3945.130)
  (Driver info: chromedriver=2.35.528161 (5b82f2d2aae0ca24b877009200ced9065a772e73),platform=Windows NT 10.0.18362 x86_64) (WARNING: The server did not provide any stacktrace information)
Command duration or timeout: 4.61 seconds
For documentation on this error, please visit: http://seleniumhq.org/exceptions/stale_element_reference.html
Build info: version: '3.4.0', revision: 'unknown', time: 'unknown'
System info: host: 'DESKTOP-4FPH6EQ', ip: '192.168.0.111', os.name: 'Windows 10', os.arch: 'amd64', os.version: '10.0', java.version: '13.0.2'
Driver info: org.openqa.selenium.chrome.ChromeDriver
Capabilities [{applicationCacheEnabled=false, rotatable=false, mobileEmulationEnabled=false, networkConnectionEnabled=false, chrome={chromedriverVersion=2.35.528161 (5b82f2d2aae0ca24b877009200ced9065a772e73), userDataDir=C:\Users\Mrigesh\AppData\Local\Temp\scoped_dir17376_91}, takesHeapSnapshot=true, pageLoadStrategy=normal, databaseEnabled=false, handlesAlerts=true, hasTouchScreen=false, version=79.0.3945.130, platform=XP, browserConnectionEnabled=false, nativeEvents=true, acceptSslCerts=false, acceptInsecureCerts=false, locationContextEnabled=true, webStorageEnabled=true, browserName=chrome, takesScreenshot=true, javascriptEnabled=true, cssSelectorsEnabled=true, setWindowRect=true, unexpectedAlertBehaviour=}]
Session ID: 5fb2363fa7b5ee273d9ed26aaaf62ddf
	at Daraz.DeleteCartItemsTest.validateDelteCartItems(DeleteCartItemsTest.java:39)
</failure>
  </testcase>
  <testcase name="addToCart" classname="Daraz.AddToCartTest" time="30.022"/>
</testsuite>