<?xml version="1.0" encoding="UTF-8"?>
<testng-results skipped="0" failed="1" total="5" passed="4">
  <reporter-output>
  </reporter-output>
  <suite name="Suite" duration-ms="111322" started-at="2020-02-10T04:38:32Z" finished-at="2020-02-10T04:40:23Z">
    <groups>
    </groups>
    <test name="Landing Page Test" duration-ms="62749" started-at="2020-02-10T04:38:32Z" finished-at="2020-02-10T04:39:35Z">
      <class name="Daraz.LandingPageTest">
        <test-method status="PASS" signature="initialize()[pri:0, instance:Daraz.LandingPageTest@f03482]" name="initialize" is-config="true" duration-ms="59317" started-at="2020-02-10T10:23:32Z" finished-at="2020-02-10T10:24:31Z">
          <reporter-output>
          </reporter-output>
        </test-method> <!-- initialize -->
        <test-method status="PASS" signature="validateNavigationBarIsDisplayed()[pri:0, instance:Daraz.LandingPageTest@f03482]" name="validateNavigationBarIsDisplayed" duration-ms="1017" started-at="2020-02-10T10:24:31Z" finished-at="2020-02-10T10:24:32Z">
          <reporter-output>
          </reporter-output>
        </test-method> <!-- validateNavigationBarIsDisplayed -->
        <test-method status="PASS" signature="validateSearchBarIsDisplayed()[pri:0, instance:Daraz.LandingPageTest@f03482]" name="validateSearchBarIsDisplayed" duration-ms="111" started-at="2020-02-10T10:24:32Z" finished-at="2020-02-10T10:24:32Z">
          <reporter-output>
          </reporter-output>
        </test-method> <!-- validateSearchBarIsDisplayed -->
        <test-method status="PASS" signature="teardown()[pri:0, instance:Daraz.LandingPageTest@f03482]" name="teardown" is-config="true" duration-ms="2297" started-at="2020-02-10T10:24:32Z" finished-at="2020-02-10T10:24:35Z">
          <reporter-output>
          </reporter-output>
        </test-method> <!-- teardown -->
      </class> <!-- Daraz.LandingPageTest -->
    </test> <!-- Landing Page Test -->
    <test name="Login Page Test" duration-ms="80861" started-at="2020-02-10T04:38:32Z" finished-at="2020-02-10T04:39:53Z">
      <class name="Daraz.LoginPageTest">
        <test-method status="PASS" signature="initialize()[pri:0, instance:Daraz.LoginPageTest@12325ad]" name="initialize" is-config="true" duration-ms="43703" started-at="2020-02-10T10:23:32Z" finished-at="2020-02-10T10:24:16Z">
          <reporter-output>
          </reporter-output>
        </test-method> <!-- initialize -->
        <test-method status="PASS" signature="validateLogin()[pri:0, instance:Daraz.LoginPageTest@12325ad]" name="validateLogin" duration-ms="34854" started-at="2020-02-10T10:24:16Z" finished-at="2020-02-10T10:24:50Z">
          <reporter-output>
          </reporter-output>
        </test-method> <!-- validateLogin -->
        <test-method status="PASS" signature="tearDown()[pri:0, instance:Daraz.LoginPageTest@12325ad]" name="tearDown" is-config="true" duration-ms="2298" started-at="2020-02-10T10:24:50Z" finished-at="2020-02-10T10:24:53Z">
          <reporter-output>
          </reporter-output>
        </test-method> <!-- tearDown -->
      </class> <!-- Daraz.LoginPageTest -->
    </test> <!-- Login Page Test -->
    <test name="Add To Cart Test" duration-ms="96785" started-at="2020-02-10T04:38:32Z" finished-at="2020-02-10T04:40:09Z">
      <class name="Daraz.AddToCartTest">
        <test-method status="PASS" signature="initialize()[pri:0, instance:Daraz.AddToCartTest@1e98b1c]" name="initialize" is-config="true" duration-ms="44386" started-at="2020-02-10T10:23:32Z" finished-at="2020-02-10T10:24:16Z">
          <reporter-output>
          </reporter-output>
        </test-method> <!-- initialize -->
        <test-method status="FAIL" signature="addToCart()[pri:0, instance:Daraz.AddToCartTest@1e98b1c]" name="addToCart" duration-ms="49346" started-at="2020-02-10T10:24:16Z" finished-at="2020-02-10T10:25:06Z">
          <exception class="org.openqa.selenium.NoSuchElementException">
            <message>
              <![CDATA[no such element: Unable to locate element: {"method":"xpath","selector":"//span[@class='ant-modal-close-x']"}
  (Session info: chrome=79.0.3945.130)
  (Driver info: chromedriver=2.35.528161 (5b82f2d2aae0ca24b877009200ced9065a772e73),platform=Windows NT 10.0.17134 x86_64) (WARNING: The server did not provide any stacktrace information)
Command duration or timeout: 5.03 seconds
For documentation on this error, please visit: http://seleniumhq.org/exceptions/no_such_element.html
Build info: version: '3.4.0', revision: 'unknown', time: 'unknown'
System info: host: 'MRIGESHSINGH', ip: '10.139.20.39', os.name: 'Windows 10', os.arch: 'x86', os.version: '10.0', java.version: '1.8.0_144'
Driver info: org.openqa.selenium.chrome.ChromeDriver
Capabilities [{applicationCacheEnabled=false, rotatable=false, mobileEmulationEnabled=false, networkConnectionEnabled=false, chrome={chromedriverVersion=2.35.528161 (5b82f2d2aae0ca24b877009200ced9065a772e73), userDataDir=C:\Users\i20345\AppData\Local\Temp\scoped_dir60764_17849}, takesHeapSnapshot=true, pageLoadStrategy=normal, databaseEnabled=false, handlesAlerts=true, hasTouchScreen=false, version=79.0.3945.130, platform=XP, browserConnectionEnabled=false, nativeEvents=true, acceptSslCerts=false, acceptInsecureCerts=false, locationContextEnabled=true, webStorageEnabled=true, browserName=chrome, takesScreenshot=true, javascriptEnabled=true, cssSelectorsEnabled=true, setWindowRect=true, unexpectedAlertBehaviour=}]
Session ID: 29c81b11b8fb9e5ef3374e94d1b5feca
*** Element info: {Using=xpath, value=//span[@class='ant-modal-close-x']}]]>
            </message>
            <full-stacktrace>
              <![CDATA[org.openqa.selenium.NoSuchElementException: no such element: Unable to locate element: {"method":"xpath","selector":"//span[@class='ant-modal-close-x']"}
  (Session info: chrome=79.0.3945.130)
  (Driver info: chromedriver=2.35.528161 (5b82f2d2aae0ca24b877009200ced9065a772e73),platform=Windows NT 10.0.17134 x86_64) (WARNING: The server did not provide any stacktrace information)
Command duration or timeout: 5.03 seconds
For documentation on this error, please visit: http://seleniumhq.org/exceptions/no_such_element.html
Build info: version: '3.4.0', revision: 'unknown', time: 'unknown'
System info: host: 'MRIGESHSINGH', ip: '10.139.20.39', os.name: 'Windows 10', os.arch: 'x86', os.version: '10.0', java.version: '1.8.0_144'
Driver info: org.openqa.selenium.chrome.ChromeDriver
Capabilities [{applicationCacheEnabled=false, rotatable=false, mobileEmulationEnabled=false, networkConnectionEnabled=false, chrome={chromedriverVersion=2.35.528161 (5b82f2d2aae0ca24b877009200ced9065a772e73), userDataDir=C:\Users\i20345\AppData\Local\Temp\scoped_dir60764_17849}, takesHeapSnapshot=true, pageLoadStrategy=normal, databaseEnabled=false, handlesAlerts=true, hasTouchScreen=false, version=79.0.3945.130, platform=XP, browserConnectionEnabled=false, nativeEvents=true, acceptSslCerts=false, acceptInsecureCerts=false, locationContextEnabled=true, webStorageEnabled=true, browserName=chrome, takesScreenshot=true, javascriptEnabled=true, cssSelectorsEnabled=true, setWindowRect=true, unexpectedAlertBehaviour=}]
Session ID: 29c81b11b8fb9e5ef3374e94d1b5feca
*** Element info: {Using=xpath, value=//span[@class='ant-modal-close-x']}
	at sun.reflect.NativeConstructorAccessorImpl.newInstance0(Native Method)
	at sun.reflect.NativeConstructorAccessorImpl.newInstance(NativeConstructorAccessorImpl.java:62)
	at sun.reflect.DelegatingConstructorAccessorImpl.newInstance(DelegatingConstructorAccessorImpl.java:45)
	at java.lang.reflect.Constructor.newInstance(Constructor.java:423)
	at org.openqa.selenium.remote.ErrorHandler.createThrowable(ErrorHandler.java:215)
	at org.openqa.selenium.remote.ErrorHandler.throwIfResponseFailed(ErrorHandler.java:167)
	at org.openqa.selenium.remote.RemoteWebDriver.execute(RemoteWebDriver.java:671)
	at org.openqa.selenium.remote.RemoteWebDriver.findElement(RemoteWebDriver.java:410)
	at org.openqa.selenium.remote.RemoteWebDriver.findElementByXPath(RemoteWebDriver.java:509)
	at org.openqa.selenium.By$ByXPath.findElement(By.java:361)
	at org.openqa.selenium.remote.RemoteWebDriver.findElement(RemoteWebDriver.java:402)
	at org.openqa.selenium.support.pagefactory.DefaultElementLocator.findElement(DefaultElementLocator.java:69)
	at org.openqa.selenium.support.pagefactory.internal.LocatingElementHandler.invoke(LocatingElementHandler.java:38)
	at com.sun.proxy.$Proxy22.click(Unknown Source)
	at Daraz.AddToCartTest.addToCart(AddToCartTest.java:64)
	at sun.reflect.NativeMethodAccessorImpl.invoke0(Native Method)
	at sun.reflect.NativeMethodAccessorImpl.invoke(NativeMethodAccessorImpl.java:62)
	at sun.reflect.DelegatingMethodAccessorImpl.invoke(DelegatingMethodAccessorImpl.java:43)
	at java.lang.reflect.Method.invoke(Method.java:498)
	at org.testng.internal.MethodInvocationHelper.invokeMethod(MethodInvocationHelper.java:85)
	at org.testng.internal.Invoker.invokeMethod(Invoker.java:659)
	at org.testng.internal.Invoker.invokeTestMethod(Invoker.java:845)
	at org.testng.internal.Invoker.invokeTestMethods(Invoker.java:1153)
	at org.testng.internal.TestMethodWorker.invokeTestMethods(TestMethodWorker.java:125)
	at org.testng.internal.TestMethodWorker.run(TestMethodWorker.java:108)
	at org.testng.TestRunner.privateRun(TestRunner.java:771)
	at org.testng.TestRunner.run(TestRunner.java:621)
	at org.testng.SuiteRunner.runTest(SuiteRunner.java:357)
	at org.testng.SuiteRunner.access$000(SuiteRunner.java:38)
	at org.testng.SuiteRunner$SuiteWorker.run(SuiteRunner.java:391)
	at org.testng.internal.thread.ThreadUtil$2.call(ThreadUtil.java:64)
	at java.util.concurrent.FutureTask.run(FutureTask.java:266)
	at java.util.concurrent.ThreadPoolExecutor.runWorker(ThreadPoolExecutor.java:1149)
	at java.util.concurrent.ThreadPoolExecutor$Worker.run(ThreadPoolExecutor.java:624)
	at java.lang.Thread.run(Thread.java:748)
]]>
            </full-stacktrace>
          </exception> <!-- org.openqa.selenium.NoSuchElementException -->
          <reporter-output>
          </reporter-output>
        </test-method> <!-- addToCart -->
        <test-method status="PASS" signature="teardown()[pri:0, instance:Daraz.AddToCartTest@1e98b1c]" name="teardown" is-config="true" duration-ms="2096" started-at="2020-02-10T10:25:07Z" finished-at="2020-02-10T10:25:09Z">
          <reporter-output>
          </reporter-output>
        </test-method> <!-- teardown -->
      </class> <!-- Daraz.AddToCartTest -->
    </test> <!-- Add To Cart Test -->
    <test name="Delete From Cart Test" duration-ms="111320" started-at="2020-02-10T04:38:32Z" finished-at="2020-02-10T04:40:23Z">
      <class name="Daraz.DeleteCartItemsTest">
        <test-method status="PASS" signature="initializeBrower()[pri:0, instance:Daraz.DeleteCartItemsTest@12c9a9c]" name="initializeBrower" is-config="true" duration-ms="59565" started-at="2020-02-10T10:23:32Z" finished-at="2020-02-10T10:24:31Z">
          <reporter-output>
          </reporter-output>
        </test-method> <!-- initializeBrower -->
        <test-method status="PASS" signature="validateDelteCartItems()[pri:0, instance:Daraz.DeleteCartItemsTest@12c9a9c]" name="validateDelteCartItems" duration-ms="49424" started-at="2020-02-10T10:24:31Z" finished-at="2020-02-10T10:25:21Z">
          <reporter-output>
          </reporter-output>
        </test-method> <!-- validateDelteCartItems -->
        <test-method status="PASS" signature="tearDown()[pri:0, instance:Daraz.DeleteCartItemsTest@12c9a9c]" name="tearDown" is-config="true" duration-ms="2328" started-at="2020-02-10T10:25:21Z" finished-at="2020-02-10T10:25:23Z">
          <reporter-output>
          </reporter-output>
        </test-method> <!-- tearDown -->
      </class> <!-- Daraz.DeleteCartItemsTest -->
    </test> <!-- Delete From Cart Test -->
  </suite> <!-- Suite -->
</testng-results>
