<?xml version="1.0" encoding="UTF-8"?>
<!-- Generated by org.testng.reporters.JUnitXMLReporter -->
<testsuite hostname="MrigeshSingh" name="Validating User login" tests="4" failures="0" timestamp="6 Feb 2020 08:41:19 GMT" time="106.946" errors="0">
  <testcase name="validateNavigationBarIsDisplayed" time="0.056" classname="Daraz.LandingPageTest"/>
  <testcase name="validateSearchBarIsDisplayed" time="0.023" classname="Daraz.LandingPageTest"/>
  <testcase name="validateLogin" time="23.255" classname="Daraz.LoginPageTest"/>
  <testcase name="addToCart" time="42.863" classname="Daraz.AddToCartTest"/>
</testsuite> <!-- Validating User login -->
